<?xml version="1.0" encoding="UTF-8"?>
<testng-results ignored="0" total="1" passed="1" failed="0" skipped="0">
  <reporter-output>
  </reporter-output>
  <suite started-at="2024-07-17T16:28:52Z" name="Default suite" finished-at="2024-07-17T16:29:03Z" duration-ms="11546">
    <groups>
    </groups>
    <test started-at="2024-07-17T16:28:52Z" name="Default test" finished-at="2024-07-17T16:29:03Z" duration-ms="11546">
      <class name="testNgPractice.FacebookTestNg">
        <test-method signature="logIn()[pri:0, instance:testNgPractice.FacebookTestNg@4ff8d125]" started-at="2024-07-17T16:28:52Z" name="logIn" finished-at="2024-07-17T16:29:03Z" duration-ms="11522" status="PASS">
          <reporter-output>
          </reporter-output>
        </test-method> <!-- logIn -->
      </class> <!-- testNgPractice.FacebookTestNg -->
    </test> <!-- Default test -->
  </suite> <!-- Default suite -->
</testng-results>
